<?xml version="1.0" encoding="UTF-8"?>
<!-- Generated by org.testng.reporters.JUnitXMLReporter -->
<testsuite ignored="0" hostname="INBENKARSELVAN1" failures="0" tests="3" name="Test" time="5.487" errors="0" timestamp="2022-06-02T09:00:28 IST">
  <testcase classname="extentReporting.reports.ExtentReportTemp4" name="initialDemo_4" time="4.508"/>
  <testcase classname="extentReporting.reports.ExtentReportTemp2" name="initialDemo_2" time="5.274"/>
  <testcase classname="extentReporting.reports.ExtentReportTemp3" name="initialDemo_3" time="5.45"/>
</testsuite> <!-- Test -->
