<?xml version="1.0" encoding="UTF-8"?>
<testng-results ignored="0" total="3" passed="3" failed="0" skipped="0">
  <reporter-output>
  </reporter-output>
  <suite started-at="2022-06-02T09:00:22 IST" name="Suite" finished-at="2022-06-02T09:00:28 IST" duration-ms="5487">
    <groups>
    </groups>
    <test started-at="2022-06-02T09:00:22 IST" name="Test" finished-at="2022-06-02T09:00:28 IST" duration-ms="5487">
      <class name="extentReporting.reports.ExtentReportTemp2">
        <test-method signature="initialDemo_2()[pri:0, instance:extentReporting.reports.ExtentReportTemp2@378542de]" started-at="2022-06-02T09:00:22 IST" name="initialDemo_2" finished-at="2022-06-02T09:00:27 IST" duration-ms="5274" status="PASS">
          <reporter-output>
          </reporter-output>
        </test-method> <!-- initialDemo_2 -->
      </class> <!-- extentReporting.reports.ExtentReportTemp2 -->
      <class name="extentReporting.reports.ExtentReportTemp4">
        <test-method signature="initialDemo_4()[pri:0, instance:extentReporting.reports.ExtentReportTemp4@e7edb54]" started-at="2022-06-02T09:00:22 IST" name="initialDemo_4" finished-at="2022-06-02T09:00:27 IST" duration-ms="4508" status="PASS">
          <reporter-output>
          </reporter-output>
        </test-method> <!-- initialDemo_4 -->
      </class> <!-- extentReporting.reports.ExtentReportTemp4 -->
      <class name="extentReporting.reports.ExtentReportTemp3">
        <test-method signature="initialDemo_3()[pri:0, instance:extentReporting.reports.ExtentReportTemp3@65f095f8]" started-at="2022-06-02T09:00:22 IST" name="initialDemo_3" finished-at="2022-06-02T09:00:28 IST" duration-ms="5450" status="PASS">
          <reporter-output>
          </reporter-output>
        </test-method> <!-- initialDemo_3 -->
      </class> <!-- extentReporting.reports.ExtentReportTemp3 -->
    </test> <!-- Test -->
  </suite> <!-- Suite -->
</testng-results>
